1524160528499	geckodriver	INFO	geckodriver 0.20.1
1524160528504	geckodriver	INFO	Listening on 127.0.0.1:56858
1524160529515	mozrunner::runner	INFO	Running command: "/Applications/Firefox.app/Contents/MacOS/firefox-bin" "-marionette" "-headless" "-profile" "/var/folders/d_/w55mt2zj19b5wh0z65gmhtc40000gn/T/rust_mozprofile.L0zhoo0UvbTg"
*** You are running in headless mode.
Unable to read VR Path Registry from /Users/ksereduck/Library/Application Support/OpenVR/.openvr/openvrpaths.vrpath
Unable to read VR Path Registry from /Users/ksereduck/Library/Application Support/OpenVR/.openvr/openvrpaths.vrpath
2018-04-19 11:55:30.644 plugin-container[2262:951346] *** CFMessagePort: bootstrap_register(): failed 1100 (0x44c) 'Permission denied', port = 0x7d33, name = 'com.apple.tsm.portname'
See /usr/include/servers/bootstrap_defs.h for the error codes.
Unable to read VR Path Registry from /Users/ksereduck/Library/Application Support/OpenVR/.openvr/openvrpaths.vrpath
2018-04-19 11:55:30.814 plugin-container[2262:951346] *** CFMessagePort: bootstrap_register(): failed 1100 (0x44c) 'Permission denied', port = 0x7d0f, name = 'com.apple.coredrag'
See /usr/include/servers/bootstrap_defs.h for the error codes.
1524160530893	Marionette	INFO	Listening on port 56869
1524160530961	Marionette	WARN	TLS certificate errors will be ignored for this session
2018-04-19 11:55:31.006 plugin-container[2263:951435] *** CFMessagePort: bootstrap_register(): failed 1100 (0x44c) 'Permission denied', port = 0xab3f, name = 'com.apple.tsm.portname'
See /usr/include/servers/bootstrap_defs.h for the error codes.
2018-04-19 11:55:31.090 plugin-container[2263:951435] *** CFMessagePort: bootstrap_register(): failed 1100 (0x44c) 'Permission denied', port = 0xab5b, name = 'com.apple.coredrag'
See /usr/include/servers/bootstrap_defs.h for the error codes.
Unable to read VR Path Registry from /Users/ksereduck/Library/Application Support/OpenVR/.openvr/openvrpaths.vrpath
2018-04-19 11:55:31.569 plugin-container[2264:951515] *** CFMessagePort: bootstrap_register(): failed 1100 (0x44c) 'Permission denied', port = 0x773f, name = 'com.apple.tsm.portname'
See /usr/include/servers/bootstrap_defs.h for the error codes.
2018-04-19 11:55:31.647 plugin-container[2264:951515] *** CFMessagePort: bootstrap_register(): failed 1100 (0x44c) 'Permission denied', port = 0x775b, name = 'com.apple.coredrag'
See /usr/include/servers/bootstrap_defs.h for the error codes.
*** UTM:SVC TimerManager:registerTimer called after profile-before-change notification. Ignoring timer registration for id: telemetry_modules_ping
1524160545235	geckodriver	INFO	geckodriver 0.20.1
1524160545239	geckodriver	INFO	Listening on 127.0.0.1:56920
1524160546249	mozrunner::runner	INFO	Running command: "/Applications/Firefox.app/Contents/MacOS/firefox-bin" "-marionette" "-headless" "-profile" "/var/folders/d_/w55mt2zj19b5wh0z65gmhtc40000gn/T/rust_mozprofile.RAYIsjCtUxua"
*** You are running in headless mode.
Unable to read VR Path Registry from /Users/ksereduck/Library/Application Support/OpenVR/.openvr/openvrpaths.vrpath
Unable to read VR Path Registry from /Users/ksereduck/Library/Application Support/OpenVR/.openvr/openvrpaths.vrpath
2018-04-19 11:55:47.359 plugin-container[2279:952547] *** CFMessagePort: bootstrap_register(): failed 1100 (0x44c) 'Permission denied', port = 0x850b, name = 'com.apple.tsm.portname'
See /usr/include/servers/bootstrap_defs.h for the error codes.
2018-04-19 11:55:47.444 plugin-container[2279:952547] *** CFMessagePort: bootstrap_register(): failed 1100 (0x44c) 'Permission denied', port = 0x8567, name = 'com.apple.coredrag'
See /usr/include/servers/bootstrap_defs.h for the error codes.
Unable to read VR Path Registry from /Users/ksereduck/Library/Application Support/OpenVR/.openvr/openvrpaths.vrpath
1524160547633	Marionette	INFO	Listening on port 56931
1524160547703	Marionette	WARN	TLS certificate errors will be ignored for this session
2018-04-19 11:55:47.721 plugin-container[2280:952631] *** CFMessagePort: bootstrap_register(): failed 1100 (0x44c) 'Permission denied', port = 0xaa3f, name = 'com.apple.tsm.portname'
See /usr/include/servers/bootstrap_defs.h for the error codes.
2018-04-19 11:55:47.806 plugin-container[2280:952631] *** CFMessagePort: bootstrap_register(): failed 1100 (0x44c) 'Permission denied', port = 0xaad7, name = 'com.apple.coredrag'
See /usr/include/servers/bootstrap_defs.h for the error codes.
Unable to read VR Path Registry from /Users/ksereduck/Library/Application Support/OpenVR/.openvr/openvrpaths.vrpath
2018-04-19 11:55:48.299 plugin-container[2281:952710] *** CFMessagePort: bootstrap_register(): failed 1100 (0x44c) 'Permission denied', port = 0x8007, name = 'com.apple.tsm.portname'
See /usr/include/servers/bootstrap_defs.h for the error codes.
2018-04-19 11:55:48.383 plugin-container[2281:952710] *** CFMessagePort: bootstrap_register(): failed 1100 (0x44c) 'Permission denied', port = 0x8027, name = 'com.apple.coredrag'
See /usr/include/servers/bootstrap_defs.h for the error codes.
*** UTM:SVC TimerManager:registerTimer called after profile-before-change notification. Ignoring timer registration for id: telemetry_modules_ping
1524160550091	geckodriver	INFO	geckodriver 0.20.1
1524160550097	geckodriver	INFO	Listening on 127.0.0.1:56983
1524160551111	mozrunner::runner	INFO	Running command: "/Applications/Firefox.app/Contents/MacOS/firefox-bin" "-marionette" "-headless" "-profile" "/var/folders/d_/w55mt2zj19b5wh0z65gmhtc40000gn/T/rust_mozprofile.UVpfncqeiWmP"
*** You are running in headless mode.
Unable to read VR Path Registry from /Users/ksereduck/Library/Application Support/OpenVR/.openvr/openvrpaths.vrpath
Unable to read VR Path Registry from /Users/ksereduck/Library/Application Support/OpenVR/.openvr/openvrpaths.vrpath
2018-04-19 11:55:52.168 plugin-container[2284:952886] *** CFMessagePort: bootstrap_register(): failed 1100 (0x44c) 'Permission denied', port = 0x7e33, name = 'com.apple.tsm.portname'
See /usr/include/servers/bootstrap_defs.h for the error codes.
2018-04-19 11:55:52.249 plugin-container[2284:952886] *** CFMessagePort: bootstrap_register(): failed 1100 (0x44c) 'Permission denied', port = 0x7ecb, name = 'com.apple.coredrag'
See /usr/include/servers/bootstrap_defs.h for the error codes.
Unable to read VR Path Registry from /Users/ksereduck/Library/Application Support/OpenVR/.openvr/openvrpaths.vrpath
1524160552412	Marionette	INFO	Listening on port 56994
1524160552472	Marionette	WARN	TLS certificate errors will be ignored for this session
2018-04-19 11:55:52.524 plugin-container[2285:952971] *** CFMessagePort: bootstrap_register(): failed 1100 (0x44c) 'Permission denied', port = 0xaa3f, name = 'com.apple.tsm.portname'
See /usr/include/servers/bootstrap_defs.h for the error codes.
2018-04-19 11:55:52.607 plugin-container[2285:952971] *** CFMessagePort: bootstrap_register(): failed 1100 (0x44c) 'Permission denied', port = 0x802b, name = 'com.apple.coredrag'
See /usr/include/servers/bootstrap_defs.h for the error codes.
Unable to read VR Path Registry from /Users/ksereduck/Library/Application Support/OpenVR/.openvr/openvrpaths.vrpath
2018-04-19 11:55:53.098 plugin-container[2286:953046] *** CFMessagePort: bootstrap_register(): failed 1100 (0x44c) 'Permission denied', port = 0x7f43, name = 'com.apple.tsm.portname'
See /usr/include/servers/bootstrap_defs.h for the error codes.
2018-04-19 11:55:53.174 plugin-container[2286:953046] *** CFMessagePort: bootstrap_register(): failed 1100 (0x44c) 'Permission denied', port = 0x7f23, name = 'com.apple.coredrag'
See /usr/include/servers/bootstrap_defs.h for the error codes.
JavaScript error: https://www.googletagmanager.com/gtm.js?id=GTM-MW3R8V&l=dataLayer, line 87: NS_ERROR_NOT_INITIALIZED: 
*** UTM:SVC TimerManager:registerTimer called after profile-before-change notification. Ignoring timer registration for id: telemetry_modules_ping
1524160556497	geckodriver	INFO	geckodriver 0.20.1
1524160556503	geckodriver	INFO	Listening on 127.0.0.1:57046
1524160557519	mozrunner::runner	INFO	Running command: "/Applications/Firefox.app/Contents/MacOS/firefox-bin" "-marionette" "-headless" "-profile" "/var/folders/d_/w55mt2zj19b5wh0z65gmhtc40000gn/T/rust_mozprofile.cLqDKc9uUZi6"
*** You are running in headless mode.
Unable to read VR Path Registry from /Users/ksereduck/Library/Application Support/OpenVR/.openvr/openvrpaths.vrpath
Unable to read VR Path Registry from /Users/ksereduck/Library/Application Support/OpenVR/.openvr/openvrpaths.vrpath
2018-04-19 11:55:58.601 plugin-container[2289:953258] *** CFMessagePort: bootstrap_register(): failed 1100 (0x44c) 'Permission denied', port = 0x8003, name = 'com.apple.tsm.portname'
See /usr/include/servers/bootstrap_defs.h for the error codes.
2018-04-19 11:55:58.681 plugin-container[2289:953258] *** CFMessagePort: bootstrap_register(): failed 1100 (0x44c) 'Permission denied', port = 0x809b, name = 'com.apple.coredrag'
See /usr/include/servers/bootstrap_defs.h for the error codes.
Unable to read VR Path Registry from /Users/ksereduck/Library/Application Support/OpenVR/.openvr/openvrpaths.vrpath
1524160558844	Marionette	INFO	Listening on port 57057
1524160558871	Marionette	WARN	TLS certificate errors will be ignored for this session
2018-04-19 11:55:58.963 plugin-container[2290:953347] *** CFMessagePort: bootstrap_register(): failed 1100 (0x44c) 'Permission denied', port = 0xaa33, name = 'com.apple.tsm.portname'
See /usr/include/servers/bootstrap_defs.h for the error codes.
2018-04-19 11:55:59.050 plugin-container[2290:953347] *** CFMessagePort: bootstrap_register(): failed 1100 (0x44c) 'Permission denied', port = 0xaa8f, name = 'com.apple.coredrag'
See /usr/include/servers/bootstrap_defs.h for the error codes.
Unable to read VR Path Registry from /Users/ksereduck/Library/Application Support/OpenVR/.openvr/openvrpaths.vrpath
2018-04-19 11:55:59.557 plugin-container[2291:953467] *** CFMessagePort: bootstrap_register(): failed 1100 (0x44c) 'Permission denied', port = 0x7907, name = 'com.apple.tsm.portname'
See /usr/include/servers/bootstrap_defs.h for the error codes.
2018-04-19 11:55:59.634 plugin-container[2291:953467] *** CFMessagePort: bootstrap_register(): failed 1100 (0x44c) 'Permission denied', port = 0x79a3, name = 'com.apple.coredrag'
See /usr/include/servers/bootstrap_defs.h for the error codes.
*** UTM:SVC TimerManager:registerTimer called after profile-before-change notification. Ignoring timer registration for id: telemetry_modules_ping
1524160619120	geckodriver	INFO	geckodriver 0.20.1
1524160619124	geckodriver	INFO	Listening on 127.0.0.1:57141
1524160620142	mozrunner::runner	INFO	Running command: "/Applications/Firefox.app/Contents/MacOS/firefox-bin" "-marionette" "-headless" "-profile" "/var/folders/d_/w55mt2zj19b5wh0z65gmhtc40000gn/T/rust_mozprofile.RB2alKS8SmAv"
*** You are running in headless mode.
Unable to read VR Path Registry from /Users/ksereduck/Library/Application Support/OpenVR/.openvr/openvrpaths.vrpath
Unable to read VR Path Registry from /Users/ksereduck/Library/Application Support/OpenVR/.openvr/openvrpaths.vrpath
2018-04-19 11:57:01.206 plugin-container[2308:957583] *** CFMessagePort: bootstrap_register(): failed 1100 (0x44c) 'Permission denied', port = 0x8833, name = 'com.apple.tsm.portname'
See /usr/include/servers/bootstrap_defs.h for the error codes.
2018-04-19 11:57:01.285 plugin-container[2308:957583] *** CFMessagePort: bootstrap_register(): failed 1100 (0x44c) 'Permission denied', port = 0x884f, name = 'com.apple.coredrag'
See /usr/include/servers/bootstrap_defs.h for the error codes.
Unable to read VR Path Registry from /Users/ksereduck/Library/Application Support/OpenVR/.openvr/openvrpaths.vrpath
1524160621502	Marionette	INFO	Listening on port 57152
2018-04-19 11:57:01.567 plugin-container[2309:957674] *** CFMessagePort: bootstrap_register(): failed 1100 (0x44c) 'Permission denied', port = 0xaa03, name = 'com.apple.tsm.portname'
See /usr/include/servers/bootstrap_defs.h for the error codes.
1524160621585	Marionette	WARN	TLS certificate errors will be ignored for this session
2018-04-19 11:57:01.649 plugin-container[2309:957674] *** CFMessagePort: bootstrap_register(): failed 1100 (0x44c) 'Permission denied', port = 0xaa1f, name = 'com.apple.coredrag'
See /usr/include/servers/bootstrap_defs.h for the error codes.
Unable to read VR Path Registry from /Users/ksereduck/Library/Application Support/OpenVR/.openvr/openvrpaths.vrpath
2018-04-19 11:57:02.146 plugin-container[2310:957749] *** CFMessagePort: bootstrap_register(): failed 1100 (0x44c) 'Permission denied', port = 0x8543, name = 'com.apple.tsm.portname'
See /usr/include/servers/bootstrap_defs.h for the error codes.
2018-04-19 11:57:02.223 plugin-container[2310:957749] *** CFMessagePort: bootstrap_register(): failed 1100 (0x44c) 'Permission denied', port = 0x84a3, name = 'com.apple.coredrag'
See /usr/include/servers/bootstrap_defs.h for the error codes.
*** UTM:SVC TimerManager:registerTimer called after profile-before-change notification. Ignoring timer registration for id: telemetry_modules_ping
1524160624181	geckodriver	INFO	geckodriver 0.20.1
1524160624188	geckodriver	INFO	Listening on 127.0.0.1:57206
1524160625206	mozrunner::runner	INFO	Running command: "/Applications/Firefox.app/Contents/MacOS/firefox-bin" "-marionette" "-headless" "-profile" "/var/folders/d_/w55mt2zj19b5wh0z65gmhtc40000gn/T/rust_mozprofile.lENQwjc6JMBz"
*** You are running in headless mode.
Unable to read VR Path Registry from /Users/ksereduck/Library/Application Support/OpenVR/.openvr/openvrpaths.vrpath
Unable to read VR Path Registry from /Users/ksereduck/Library/Application Support/OpenVR/.openvr/openvrpaths.vrpath
2018-04-19 11:57:06.315 plugin-container[2313:957944] *** CFMessagePort: bootstrap_register(): failed 1100 (0x44c) 'Permission denied', port = 0x8133, name = 'com.apple.tsm.portname'
See /usr/include/servers/bootstrap_defs.h for the error codes.
2018-04-19 11:57:06.392 plugin-container[2313:957944] *** CFMessagePort: bootstrap_register(): failed 1100 (0x44c) 'Permission denied', port = 0x810f, name = 'com.apple.coredrag'
See /usr/include/servers/bootstrap_defs.h for the error codes.
Unable to read VR Path Registry from /Users/ksereduck/Library/Application Support/OpenVR/.openvr/openvrpaths.vrpath
1524160626575	Marionette	INFO	Listening on port 57217
1524160626651	Marionette	WARN	TLS certificate errors will be ignored for this session
2018-04-19 11:57:06.672 plugin-container[2314:958030] *** CFMessagePort: bootstrap_register(): failed 1100 (0x44c) 'Permission denied', port = 0xaa03, name = 'com.apple.tsm.portname'
See /usr/include/servers/bootstrap_defs.h for the error codes.
2018-04-19 11:57:06.754 plugin-container[2314:958030] *** CFMessagePort: bootstrap_register(): failed 1100 (0x44c) 'Permission denied', port = 0xaa9b, name = 'com.apple.coredrag'
See /usr/include/servers/bootstrap_defs.h for the error codes.
Unable to read VR Path Registry from /Users/ksereduck/Library/Application Support/OpenVR/.openvr/openvrpaths.vrpath
2018-04-19 11:57:07.255 plugin-container[2317:958119] *** CFMessagePort: bootstrap_register(): failed 1100 (0x44c) 'Permission denied', port = 0x8943, name = 'com.apple.tsm.portname'
See /usr/include/servers/bootstrap_defs.h for the error codes.
2018-04-19 11:57:07.329 plugin-container[2317:958119] *** CFMessagePort: bootstrap_register(): failed 1100 (0x44c) 'Permission denied', port = 0x89db, name = 'com.apple.coredrag'
See /usr/include/servers/bootstrap_defs.h for the error codes.
*** UTM:SVC TimerManager:registerTimer called after profile-before-change notification. Ignoring timer registration for id: telemetry_modules_ping
1524160631844	geckodriver	INFO	geckodriver 0.20.1
1524160631850	geckodriver	INFO	Listening on 127.0.0.1:57274
1524160632867	mozrunner::runner	INFO	Running command: "/Applications/Firefox.app/Contents/MacOS/firefox-bin" "-marionette" "-headless" "-profile" "/var/folders/d_/w55mt2zj19b5wh0z65gmhtc40000gn/T/rust_mozprofile.yK7pdrCPzMpu"
*** You are running in headless mode.
Unable to read VR Path Registry from /Users/ksereduck/Library/Application Support/OpenVR/.openvr/openvrpaths.vrpath
Unable to read VR Path Registry from /Users/ksereduck/Library/Application Support/OpenVR/.openvr/openvrpaths.vrpath
2018-04-19 11:57:13.924 plugin-container[2320:958357] *** CFMessagePort: bootstrap_register(): failed 1100 (0x44c) 'Permission denied', port = 0x7c37, name = 'com.apple.tsm.portname'
See /usr/include/servers/bootstrap_defs.h for the error codes.
2018-04-19 11:57:14.003 plugin-container[2320:958357] *** CFMessagePort: bootstrap_register(): failed 1100 (0x44c) 'Permission denied', port = 0x7c1b, name = 'com.apple.coredrag'
See /usr/include/servers/bootstrap_defs.h for the error codes.
Unable to read VR Path Registry from /Users/ksereduck/Library/Application Support/OpenVR/.openvr/openvrpaths.vrpath
1524160634199	Marionette	INFO	Listening on port 57286
1524160634224	Marionette	WARN	TLS certificate errors will be ignored for this session
2018-04-19 11:57:14.283 plugin-container[2321:958452] *** CFMessagePort: bootstrap_register(): failed 1100 (0x44c) 'Permission denied', port = 0xaa3b, name = 'com.apple.tsm.portname'
See /usr/include/servers/bootstrap_defs.h for the error codes.
2018-04-19 11:57:14.366 plugin-container[2321:958452] *** CFMessagePort: bootstrap_register(): failed 1100 (0x44c) 'Permission denied', port = 0xaa1b, name = 'com.apple.coredrag'
See /usr/include/servers/bootstrap_defs.h for the error codes.
Unable to read VR Path Registry from /Users/ksereduck/Library/Application Support/OpenVR/.openvr/openvrpaths.vrpath
2018-04-19 11:57:14.865 plugin-container[2322:958524] *** CFMessagePort: bootstrap_register(): failed 1100 (0x44c) 'Permission denied', port = 0x7f3f, name = 'com.apple.tsm.portname'
See /usr/include/servers/bootstrap_defs.h for the error codes.
2018-04-19 11:57:14.941 plugin-container[2322:958524] *** CFMessagePort: bootstrap_register(): failed 1100 (0x44c) 'Permission denied', port = 0x7fd7, name = 'com.apple.coredrag'
See /usr/include/servers/bootstrap_defs.h for the error codes.
*** UTM:SVC TimerManager:registerTimer called after profile-before-change notification. Ignoring timer registration for id: telemetry_modules_ping
1524160639991	geckodriver	INFO	geckodriver 0.20.1
1524160639997	geckodriver	INFO	Listening on 127.0.0.1:57365
1524160641012	mozrunner::runner	INFO	Running command: "/Applications/Firefox.app/Contents/MacOS/firefox-bin" "-marionette" "-headless" "-profile" "/var/folders/d_/w55mt2zj19b5wh0z65gmhtc40000gn/T/rust_mozprofile.MwMMPk3S4qcf"
*** You are running in headless mode.
Unable to read VR Path Registry from /Users/ksereduck/Library/Application Support/OpenVR/.openvr/openvrpaths.vrpath
Unable to read VR Path Registry from /Users/ksereduck/Library/Application Support/OpenVR/.openvr/openvrpaths.vrpath
2018-04-19 11:57:22.121 plugin-container[2325:958884] *** CFMessagePort: bootstrap_register(): failed 1100 (0x44c) 'Permission denied', port = 0x7d3f, name = 'com.apple.tsm.portname'
See /usr/include/servers/bootstrap_defs.h for the error codes.
2018-04-19 11:57:22.228 plugin-container[2325:958884] *** CFMessagePort: bootstrap_register(): failed 1100 (0x44c) 'Permission denied', port = 0x7ddb, name = 'com.apple.coredrag'
See /usr/include/servers/bootstrap_defs.h for the error codes.
Unable to read VR Path Registry from /Users/ksereduck/Library/Application Support/OpenVR/.openvr/openvrpaths.vrpath
1524160642487	Marionette	INFO	Listening on port 57372
1524160642567	Marionette	WARN	TLS certificate errors will be ignored for this session
2018-04-19 11:57:22.569 plugin-container[2326:959013] *** CFMessagePort: bootstrap_register(): failed 1100 (0x44c) 'Permission denied', port = 0xab3f, name = 'com.apple.tsm.portname'
See /usr/include/servers/bootstrap_defs.h for the error codes.
2018-04-19 11:57:22.654 plugin-container[2326:959013] *** CFMessagePort: bootstrap_register(): failed 1100 (0x44c) 'Permission denied', port = 0xab1b, name = 'com.apple.coredrag'
See /usr/include/servers/bootstrap_defs.h for the error codes.
Unable to read VR Path Registry from /Users/ksereduck/Library/Application Support/OpenVR/.openvr/openvrpaths.vrpath
2018-04-19 11:57:23.035 plugin-container[2327:959093] *** CFMessagePort: bootstrap_register(): failed 1100 (0x44c) 'Permission denied', port = 0x8243, name = 'com.apple.tsm.portname'
See /usr/include/servers/bootstrap_defs.h for the error codes.
2018-04-19 11:57:23.111 plugin-container[2327:959093] *** CFMessagePort: bootstrap_register(): failed 1100 (0x44c) 'Permission denied', port = 0x821f, name = 'com.apple.coredrag'
See /usr/include/servers/bootstrap_defs.h for the error codes.
*** UTM:SVC TimerManager:registerTimer called after profile-before-change notification. Ignoring timer registration for id: telemetry_modules_ping
1524160645042	geckodriver	INFO	geckodriver 0.20.1
1524160645048	geckodriver	INFO	Listening on 127.0.0.1:57426
1524160646063	mozrunner::runner	INFO	Running command: "/Applications/Firefox.app/Contents/MacOS/firefox-bin" "-marionette" "-headless" "-profile" "/var/folders/d_/w55mt2zj19b5wh0z65gmhtc40000gn/T/rust_mozprofile.ZgOP2Ll0ds4o"
*** You are running in headless mode.
Unable to read VR Path Registry from /Users/ksereduck/Library/Application Support/OpenVR/.openvr/openvrpaths.vrpath
Unable to read VR Path Registry from /Users/ksereduck/Library/Application Support/OpenVR/.openvr/openvrpaths.vrpath
2018-04-19 11:57:27.130 plugin-container[2330:959264] *** CFMessagePort: bootstrap_register(): failed 1100 (0x44c) 'Permission denied', port = 0x8103, name = 'com.apple.tsm.portname'
See /usr/include/servers/bootstrap_defs.h for the error codes.
2018-04-19 11:57:27.209 plugin-container[2330:959264] *** CFMessagePort: bootstrap_register(): failed 1100 (0x44c) 'Permission denied', port = 0x826b, name = 'com.apple.coredrag'
See /usr/include/servers/bootstrap_defs.h for the error codes.
Unable to read VR Path Registry from /Users/ksereduck/Library/Application Support/OpenVR/.openvr/openvrpaths.vrpath
1524160647395	Marionette	INFO	Listening on port 57437
1524160647408	Marionette	WARN	TLS certificate errors will be ignored for this session
2018-04-19 11:57:27.492 plugin-container[2331:959348] *** CFMessagePort: bootstrap_register(): failed 1100 (0x44c) 'Permission denied', port = 0xab03, name = 'com.apple.tsm.portname'
See /usr/include/servers/bootstrap_defs.h for the error codes.
2018-04-19 11:57:27.574 plugin-container[2331:959348] *** CFMessagePort: bootstrap_register(): failed 1100 (0x44c) 'Permission denied', port = 0xab9b, name = 'com.apple.coredrag'
See /usr/include/servers/bootstrap_defs.h for the error codes.
Unable to read VR Path Registry from /Users/ksereduck/Library/Application Support/OpenVR/.openvr/openvrpaths.vrpath
2018-04-19 11:57:28.069 plugin-container[2332:959425] *** CFMessagePort: bootstrap_register(): failed 1100 (0x44c) 'Permission denied', port = 0x8137, name = 'com.apple.tsm.portname'
See /usr/include/servers/bootstrap_defs.h for the error codes.
2018-04-19 11:57:28.149 plugin-container[2332:959425] *** CFMessagePort: bootstrap_register(): failed 1100 (0x44c) 'Permission denied', port = 0x8193, name = 'com.apple.coredrag'
See /usr/include/servers/bootstrap_defs.h for the error codes.
*** UTM:SVC TimerManager:registerTimer called after profile-before-change notification. Ignoring timer registration for id: telemetry_modules_ping
1524160651562	geckodriver	INFO	geckodriver 0.20.1
1524160651568	geckodriver	INFO	Listening on 127.0.0.1:57491
1524160652585	mozrunner::runner	INFO	Running command: "/Applications/Firefox.app/Contents/MacOS/firefox-bin" "-marionette" "-headless" "-profile" "/var/folders/d_/w55mt2zj19b5wh0z65gmhtc40000gn/T/rust_mozprofile.W67gxhp9oFG2"
*** You are running in headless mode.
Unable to read VR Path Registry from /Users/ksereduck/Library/Application Support/OpenVR/.openvr/openvrpaths.vrpath
Unable to read VR Path Registry from /Users/ksereduck/Library/Application Support/OpenVR/.openvr/openvrpaths.vrpath
2018-04-19 11:57:33.630 plugin-container[2335:959643] *** CFMessagePort: bootstrap_register(): failed 1100 (0x44c) 'Permission denied', port = 0x7d3f, name = 'com.apple.tsm.portname'
See /usr/include/servers/bootstrap_defs.h for the error codes.
2018-04-19 11:57:33.709 plugin-container[2335:959643] *** CFMessagePort: bootstrap_register(): failed 1100 (0x44c) 'Permission denied', port = 0x7d5b, name = 'com.apple.coredrag'
See /usr/include/servers/bootstrap_defs.h for the error codes.
Unable to read VR Path Registry from /Users/ksereduck/Library/Application Support/OpenVR/.openvr/openvrpaths.vrpath
1524160653896	Marionette	INFO	Listening on port 57502
1524160653931	Marionette	WARN	TLS certificate errors will be ignored for this session
2018-04-19 11:57:33.996 plugin-container[2336:959731] *** CFMessagePort: bootstrap_register(): failed 1100 (0x44c) 'Permission denied', port = 0xaa37, name = 'com.apple.tsm.portname'
See /usr/include/servers/bootstrap_defs.h for the error codes.
2018-04-19 11:57:34.077 plugin-container[2336:959731] *** CFMessagePort: bootstrap_register(): failed 1100 (0x44c) 'Permission denied', port = 0xaacf, name = 'com.apple.coredrag'
See /usr/include/servers/bootstrap_defs.h for the error codes.
Unable to read VR Path Registry from /Users/ksereduck/Library/Application Support/OpenVR/.openvr/openvrpaths.vrpath
2018-04-19 11:57:34.565 plugin-container[2337:959807] *** CFMessagePort: bootstrap_register(): failed 1100 (0x44c) 'Permission denied', port = 0x823f, name = 'com.apple.tsm.portname'
See /usr/include/servers/bootstrap_defs.h for the error codes.
2018-04-19 11:57:34.640 plugin-container[2337:959807] *** CFMessagePort: bootstrap_register(): failed 1100 (0x44c) 'Permission denied', port = 0x821b, name = 'com.apple.coredrag'
See /usr/include/servers/bootstrap_defs.h for the error codes.
*** UTM:SVC TimerManager:registerTimer called after profile-before-change notification. Ignoring timer registration for id: telemetry_modules_ping
1524160660524	geckodriver	INFO	geckodriver 0.20.1
1524160660531	geckodriver	INFO	Listening on 127.0.0.1:57580
1524160661548	mozrunner::runner	INFO	Running command: "/Applications/Firefox.app/Contents/MacOS/firefox-bin" "-marionette" "-headless" "-profile" "/var/folders/d_/w55mt2zj19b5wh0z65gmhtc40000gn/T/rust_mozprofile.zBOpeuilWRcU"
*** You are running in headless mode.
Unable to read VR Path Registry from /Users/ksereduck/Library/Application Support/OpenVR/.openvr/openvrpaths.vrpath
Unable to read VR Path Registry from /Users/ksereduck/Library/Application Support/OpenVR/.openvr/openvrpaths.vrpath
2018-04-19 11:57:42.613 plugin-container[2340:960059] *** CFMessagePort: bootstrap_register(): failed 1100 (0x44c) 'Permission denied', port = 0x883f, name = 'com.apple.tsm.portname'
See /usr/include/servers/bootstrap_defs.h for the error codes.
2018-04-19 11:57:42.691 plugin-container[2340:960059] *** CFMessagePort: bootstrap_register(): failed 1100 (0x44c) 'Permission denied', port = 0x881b, name = 'com.apple.coredrag'
See /usr/include/servers/bootstrap_defs.h for the error codes.
Unable to read VR Path Registry from /Users/ksereduck/Library/Application Support/OpenVR/.openvr/openvrpaths.vrpath
1524160662861	Marionette	INFO	Listening on port 57591
1524160662892	Marionette	WARN	TLS certificate errors will be ignored for this session
2018-04-19 11:57:42.989 plugin-container[2341:960154] *** CFMessagePort: bootstrap_register(): failed 1100 (0x44c) 'Permission denied', port = 0xaa3f, name = 'com.apple.tsm.portname'
See /usr/include/servers/bootstrap_defs.h for the error codes.
2018-04-19 11:57:43.074 plugin-container[2341:960154] *** CFMessagePort: bootstrap_register(): failed 1100 (0x44c) 'Permission denied', port = 0xaa1f, name = 'com.apple.coredrag'
See /usr/include/servers/bootstrap_defs.h for the error codes.
Unable to read VR Path Registry from /Users/ksereduck/Library/Application Support/OpenVR/.openvr/openvrpaths.vrpath
2018-04-19 11:57:43.564 plugin-container[2342:960235] *** CFMessagePort: bootstrap_register(): failed 1100 (0x44c) 'Permission denied', port = 0x883f, name = 'com.apple.tsm.portname'
See /usr/include/servers/bootstrap_defs.h for the error codes.
2018-04-19 11:57:43.646 plugin-container[2342:960235] *** CFMessagePort: bootstrap_register(): failed 1100 (0x44c) 'Permission denied', port = 0x8817, name = 'com.apple.coredrag'
See /usr/include/servers/bootstrap_defs.h for the error codes.
*** UTM:SVC TimerManager:registerTimer called after profile-before-change notification. Ignoring timer registration for id: telemetry_modules_ping
1524160665359	geckodriver	INFO	geckodriver 0.20.1
1524160665365	geckodriver	INFO	Listening on 127.0.0.1:57643
1524160666385	mozrunner::runner	INFO	Running command: "/Applications/Firefox.app/Contents/MacOS/firefox-bin" "-marionette" "-headless" "-profile" "/var/folders/d_/w55mt2zj19b5wh0z65gmhtc40000gn/T/rust_mozprofile.XWIZTDiuvidD"
*** You are running in headless mode.
Unable to read VR Path Registry from /Users/ksereduck/Library/Application Support/OpenVR/.openvr/openvrpaths.vrpath
Unable to read VR Path Registry from /Users/ksereduck/Library/Application Support/OpenVR/.openvr/openvrpaths.vrpath
2018-04-19 11:57:47.449 plugin-container[2345:960407] *** CFMessagePort: bootstrap_register(): failed 1100 (0x44c) 'Permission denied', port = 0x773f, name = 'com.apple.tsm.portname'
See /usr/include/servers/bootstrap_defs.h for the error codes.
2018-04-19 11:57:47.530 plugin-container[2345:960407] *** CFMessagePort: bootstrap_register(): failed 1100 (0x44c) 'Permission denied', port = 0x771b, name = 'com.apple.coredrag'
See /usr/include/servers/bootstrap_defs.h for the error codes.
Unable to read VR Path Registry from /Users/ksereduck/Library/Application Support/OpenVR/.openvr/openvrpaths.vrpath
1524160667729	Marionette	INFO	Listening on port 57654
2018-04-19 11:57:47.808 plugin-container[2346:960498] *** CFMessagePort: bootstrap_register(): failed 1100 (0x44c) 'Permission denied', port = 0xaa3f, name = 'com.apple.tsm.portname'
See /usr/include/servers/bootstrap_defs.h for the error codes.
1524160667832	Marionette	WARN	TLS certificate errors will be ignored for this session
2018-04-19 11:57:47.890 plugin-container[2346:960498] *** CFMessagePort: bootstrap_register(): failed 1100 (0x44c) 'Permission denied', port = 0xaa5b, name = 'com.apple.coredrag'
See /usr/include/servers/bootstrap_defs.h for the error codes.
Unable to read VR Path Registry from /Users/ksereduck/Library/Application Support/OpenVR/.openvr/openvrpaths.vrpath
2018-04-19 11:57:48.389 plugin-container[2347:960570] *** CFMessagePort: bootstrap_register(): failed 1100 (0x44c) 'Permission denied', port = 0x8007, name = 'com.apple.tsm.portname'
See /usr/include/servers/bootstrap_defs.h for the error codes.
2018-04-19 11:57:48.464 plugin-container[2347:960570] *** CFMessagePort: bootstrap_register(): failed 1100 (0x44c) 'Permission denied', port = 0x8023, name = 'com.apple.coredrag'
See /usr/include/servers/bootstrap_defs.h for the error codes.
** Unknown exception behavior: -2147483647
** Unknown exception behavior: -2147483647
** Unknown exception behavior: -2147483647
1524160726852	geckodriver	INFO	geckodriver 0.20.1
1524160726857	geckodriver	INFO	Listening on 127.0.0.1:57730
1524160727872	mozrunner::runner	INFO	Running command: "/Applications/Firefox.app/Contents/MacOS/firefox-bin" "-marionette" "-headless" "-profile" "/var/folders/d_/w55mt2zj19b5wh0z65gmhtc40000gn/T/rust_mozprofile.qM8eKYy1VS0r"
*** You are running in headless mode.
Unable to read VR Path Registry from /Users/ksereduck/Library/Application Support/OpenVR/.openvr/openvrpaths.vrpath
Unable to read VR Path Registry from /Users/ksereduck/Library/Application Support/OpenVR/.openvr/openvrpaths.vrpath
2018-04-19 11:58:48.959 plugin-container[2372:964561] *** CFMessagePort: bootstrap_register(): failed 1100 (0x44c) 'Permission denied', port = 0x8737, name = 'com.apple.tsm.portname'
See /usr/include/servers/bootstrap_defs.h for the error codes.
2018-04-19 11:58:49.039 plugin-container[2372:964561] *** CFMessagePort: bootstrap_register(): failed 1100 (0x44c) 'Permission denied', port = 0x8713, name = 'com.apple.coredrag'
See /usr/include/servers/bootstrap_defs.h for the error codes.
Unable to read VR Path Registry from /Users/ksereduck/Library/Application Support/OpenVR/.openvr/openvrpaths.vrpath
1524160729228	Marionette	INFO	Listening on port 57741
1524160729323	Marionette	WARN	TLS certificate errors will be ignored for this session
2018-04-19 11:58:49.325 plugin-container[2373:964647] *** CFMessagePort: bootstrap_register(): failed 1100 (0x44c) 'Permission denied', port = 0x1543f, name = 'com.apple.tsm.portname'
See /usr/include/servers/bootstrap_defs.h for the error codes.
2018-04-19 11:58:49.407 plugin-container[2373:964647] *** CFMessagePort: bootstrap_register(): failed 1100 (0x44c) 'Permission denied', port = 0x154d7, name = 'com.apple.coredrag'
See /usr/include/servers/bootstrap_defs.h for the error codes.
Unable to read VR Path Registry from /Users/ksereduck/Library/Application Support/OpenVR/.openvr/openvrpaths.vrpath
2018-04-19 11:58:49.904 plugin-container[2374:964720] *** CFMessagePort: bootstrap_register(): failed 1100 (0x44c) 'Permission denied', port = 0x823f, name = 'com.apple.tsm.portname'
See /usr/include/servers/bootstrap_defs.h for the error codes.
2018-04-19 11:58:49.985 plugin-container[2374:964720] *** CFMessagePort: bootstrap_register(): failed 1100 (0x44c) 'Permission denied', port = 0x82d7, name = 'com.apple.coredrag'
See /usr/include/servers/bootstrap_defs.h for the error codes.
*** UTM:SVC TimerManager:registerTimer called after profile-before-change notification. Ignoring timer registration for id: telemetry_modules_ping
1524160731751	geckodriver	INFO	geckodriver 0.20.1
1524160731757	geckodriver	INFO	Listening on 127.0.0.1:57790
1524160732768	mozrunner::runner	INFO	Running command: "/Applications/Firefox.app/Contents/MacOS/firefox-bin" "-marionette" "-headless" "-profile" "/var/folders/d_/w55mt2zj19b5wh0z65gmhtc40000gn/T/rust_mozprofile.hUyjW34pucym"
*** You are running in headless mode.
Unable to read VR Path Registry from /Users/ksereduck/Library/Application Support/OpenVR/.openvr/openvrpaths.vrpath
Unable to read VR Path Registry from /Users/ksereduck/Library/Application Support/OpenVR/.openvr/openvrpaths.vrpath
2018-04-19 11:58:53.881 plugin-container[2377:965046] *** CFMessagePort: bootstrap_register(): failed 1100 (0x44c) 'Permission denied', port = 0x7f3b, name = 'com.apple.tsm.portname'
See /usr/include/servers/bootstrap_defs.h for the error codes.
2018-04-19 11:58:53.962 plugin-container[2377:965046] *** CFMessagePort: bootstrap_register(): failed 1100 (0x44c) 'Permission denied', port = 0x7fd3, name = 'com.apple.coredrag'
See /usr/include/servers/bootstrap_defs.h for the error codes.
Unable to read VR Path Registry from /Users/ksereduck/Library/Application Support/OpenVR/.openvr/openvrpaths.vrpath
1524160734129	Marionette	INFO	Listening on port 57801
1524160734218	Marionette	WARN	TLS certificate errors will be ignored for this session
2018-04-19 11:58:54.261 plugin-container[2378:965137] *** CFMessagePort: bootstrap_register(): failed 1100 (0x44c) 'Permission denied', port = 0x853f, name = 'com.apple.tsm.portname'
See /usr/include/servers/bootstrap_defs.h for the error codes.
2018-04-19 11:58:54.347 plugin-container[2378:965137] *** CFMessagePort: bootstrap_register(): failed 1100 (0x44c) 'Permission denied', port = 0x851b, name = 'com.apple.coredrag'
See /usr/include/servers/bootstrap_defs.h for the error codes.
Unable to read VR Path Registry from /Users/ksereduck/Library/Application Support/OpenVR/.openvr/openvrpaths.vrpath
2018-04-19 11:58:54.806 plugin-container[2379:965210] *** CFMessagePort: bootstrap_register(): failed 1100 (0x44c) 'Permission denied', port = 0x823f, name = 'com.apple.tsm.portname'
See /usr/include/servers/bootstrap_defs.h for the error codes.
2018-04-19 11:58:54.881 plugin-container[2379:965210] *** CFMessagePort: bootstrap_register(): failed 1100 (0x44c) 'Permission denied', port = 0x825b, name = 'com.apple.coredrag'
See /usr/include/servers/bootstrap_defs.h for the error codes.
*** UTM:SVC TimerManager:registerTimer called after profile-before-change notification. Ignoring timer registration for id: telemetry_modules_ping
1524160737812	geckodriver	INFO	geckodriver 0.20.1
1524160737817	geckodriver	INFO	Listening on 127.0.0.1:57855
1524160738838	mozrunner::runner	INFO	Running command: "/Applications/Firefox.app/Contents/MacOS/firefox-bin" "-marionette" "-headless" "-profile" "/var/folders/d_/w55mt2zj19b5wh0z65gmhtc40000gn/T/rust_mozprofile.uXXl1615Wmlu"
*** You are running in headless mode.
Unable to read VR Path Registry from /Users/ksereduck/Library/Application Support/OpenVR/.openvr/openvrpaths.vrpath
Unable to read VR Path Registry from /Users/ksereduck/Library/Application Support/OpenVR/.openvr/openvrpaths.vrpath
2018-04-19 11:58:59.925 plugin-container[2382:965463] *** CFMessagePort: bootstrap_register(): failed 1100 (0x44c) 'Permission denied', port = 0x7b0b, name = 'com.apple.tsm.portname'
See /usr/include/servers/bootstrap_defs.h for the error codes.
2018-04-19 11:59:00.002 plugin-container[2382:965463] *** CFMessagePort: bootstrap_register(): failed 1100 (0x44c) 'Permission denied', port = 0x7b27, name = 'com.apple.coredrag'
See /usr/include/servers/bootstrap_defs.h for the error codes.
Unable to read VR Path Registry from /Users/ksereduck/Library/Application Support/OpenVR/.openvr/openvrpaths.vrpath
1524160740246	Marionette	INFO	Listening on port 57866
2018-04-19 11:59:00.247 plugin-container[2383:965549] *** CFMessagePort: bootstrap_register(): failed 1100 (0x44c) 'Permission denied', port = 0x813f, name = 'com.apple.tsm.portname'
See /usr/include/servers/bootstrap_defs.h for the error codes.
1524160740290	Marionette	WARN	TLS certificate errors will be ignored for this session
2018-04-19 11:59:00.330 plugin-container[2383:965549] *** CFMessagePort: bootstrap_register(): failed 1100 (0x44c) 'Permission denied', port = 0x815f, name = 'com.apple.coredrag'
See /usr/include/servers/bootstrap_defs.h for the error codes.
Unable to read VR Path Registry from /Users/ksereduck/Library/Application Support/OpenVR/.openvr/openvrpaths.vrpath
2018-04-19 11:59:00.867 plugin-container[2384:965624] *** CFMessagePort: bootstrap_register(): failed 1100 (0x44c) 'Permission denied', port = 0x8003, name = 'com.apple.tsm.portname'
See /usr/include/servers/bootstrap_defs.h for the error codes.
2018-04-19 11:59:00.942 plugin-container[2384:965624] *** CFMessagePort: bootstrap_register(): failed 1100 (0x44c) 'Permission denied', port = 0x801f, name = 'com.apple.coredrag'
See /usr/include/servers/bootstrap_defs.h for the error codes.
*** UTM:SVC TimerManager:registerTimer called after profile-before-change notification. Ignoring timer registration for id: telemetry_modules_ping
1524160804682	geckodriver	INFO	geckodriver 0.20.1
1524160804688	geckodriver	INFO	Listening on 127.0.0.1:57940
1524160805700	mozrunner::runner	INFO	Running command: "/Applications/Firefox.app/Contents/MacOS/firefox-bin" "-marionette" "-headless" "-profile" "/var/folders/d_/w55mt2zj19b5wh0z65gmhtc40000gn/T/rust_mozprofile.pE7f923F84eD"
*** You are running in headless mode.
Unable to read VR Path Registry from /Users/ksereduck/Library/Application Support/OpenVR/.openvr/openvrpaths.vrpath
Unable to read VR Path Registry from /Users/ksereduck/Library/Application Support/OpenVR/.openvr/openvrpaths.vrpath
2018-04-19 12:00:06.764 plugin-container[2392:966453] *** CFMessagePort: bootstrap_register(): failed 1100 (0x44c) 'Permission denied', port = 0x7f0b, name = 'com.apple.tsm.portname'
See /usr/include/servers/bootstrap_defs.h for the error codes.
2018-04-19 12:00:06.843 plugin-container[2392:966453] *** CFMessagePort: bootstrap_register(): failed 1100 (0x44c) 'Permission denied', port = 0x7f9f, name = 'com.apple.coredrag'
See /usr/include/servers/bootstrap_defs.h for the error codes.
Unable to read VR Path Registry from /Users/ksereduck/Library/Application Support/OpenVR/.openvr/openvrpaths.vrpath
1524160806995	Marionette	INFO	Listening on port 57951
1524160807061	Marionette	WARN	TLS certificate errors will be ignored for this session
2018-04-19 12:00:07.130 plugin-container[2393:966548] *** CFMessagePort: bootstrap_register(): failed 1100 (0x44c) 'Permission denied', port = 0x7c0b, name = 'com.apple.tsm.portname'
See /usr/include/servers/bootstrap_defs.h for the error codes.
2018-04-19 12:00:07.212 plugin-container[2393:966548] *** CFMessagePort: bootstrap_register(): failed 1100 (0x44c) 'Permission denied', port = 0x7c27, name = 'com.apple.coredrag'
See /usr/include/servers/bootstrap_defs.h for the error codes.
Unable to read VR Path Registry from /Users/ksereduck/Library/Application Support/OpenVR/.openvr/openvrpaths.vrpath
2018-04-19 12:00:07.708 plugin-container[2394:966621] *** CFMessagePort: bootstrap_register(): failed 1100 (0x44c) 'Permission denied', port = 0x7433, name = 'com.apple.tsm.portname'
See /usr/include/servers/bootstrap_defs.h for the error codes.
2018-04-19 12:00:07.784 plugin-container[2394:966621] *** CFMessagePort: bootstrap_register(): failed 1100 (0x44c) 'Permission denied', port = 0x744f, name = 'com.apple.coredrag'
See /usr/include/servers/bootstrap_defs.h for the error codes.
*** UTM:SVC TimerManager:registerTimer called after profile-before-change notification. Ignoring timer registration for id: telemetry_modules_ping
1524160809539	geckodriver	INFO	geckodriver 0.20.1
1524160809545	geckodriver	INFO	Listening on 127.0.0.1:57998
1524160810560	mozrunner::runner	INFO	Running command: "/Applications/Firefox.app/Contents/MacOS/firefox-bin" "-marionette" "-headless" "-profile" "/var/folders/d_/w55mt2zj19b5wh0z65gmhtc40000gn/T/rust_mozprofile.hoSVWqzMDFaZ"
*** You are running in headless mode.
Unable to read VR Path Registry from /Users/ksereduck/Library/Application Support/OpenVR/.openvr/openvrpaths.vrpath
Unable to read VR Path Registry from /Users/ksereduck/Library/Application Support/OpenVR/.openvr/openvrpaths.vrpath
2018-04-19 12:00:11.624 plugin-container[2397:966802] *** CFMessagePort: bootstrap_register(): failed 1100 (0x44c) 'Permission denied', port = 0x7d43, name = 'com.apple.tsm.portname'
See /usr/include/servers/bootstrap_defs.h for the error codes.
2018-04-19 12:00:11.713 plugin-container[2397:966802] *** CFMessagePort: bootstrap_register(): failed 1100 (0x44c) 'Permission denied', port = 0x7d5f, name = 'com.apple.coredrag'
See /usr/include/servers/bootstrap_defs.h for the error codes.
Unable to read VR Path Registry from /Users/ksereduck/Library/Application Support/OpenVR/.openvr/openvrpaths.vrpath
1524160811891	Marionette	INFO	Listening on port 58009
1524160811903	Marionette	WARN	TLS certificate errors will be ignored for this session
2018-04-19 12:00:12.003 plugin-container[2398:966890] *** CFMessagePort: bootstrap_register(): failed 1100 (0x44c) 'Permission denied', port = 0xaa07, name = 'com.apple.tsm.portname'
See /usr/include/servers/bootstrap_defs.h for the error codes.
2018-04-19 12:00:12.085 plugin-container[2398:966890] *** CFMessagePort: bootstrap_register(): failed 1100 (0x44c) 'Permission denied', port = 0xaa23, name = 'com.apple.coredrag'
See /usr/include/servers/bootstrap_defs.h for the error codes.
Unable to read VR Path Registry from /Users/ksereduck/Library/Application Support/OpenVR/.openvr/openvrpaths.vrpath
2018-04-19 12:00:12.562 plugin-container[2399:966965] *** CFMessagePort: bootstrap_register(): failed 1100 (0x44c) 'Permission denied', port = 0x8543, name = 'com.apple.tsm.portname'
See /usr/include/servers/bootstrap_defs.h for the error codes.
2018-04-19 12:00:12.638 plugin-container[2399:966965] *** CFMessagePort: bootstrap_register(): failed 1100 (0x44c) 'Permission denied', port = 0x85db, name = 'com.apple.coredrag'
See /usr/include/servers/bootstrap_defs.h for the error codes.
*** UTM:SVC TimerManager:registerTimer called after profile-before-change notification. Ignoring timer registration for id: telemetry_modules_ping
1524160815192	geckodriver	INFO	geckodriver 0.20.1
1524160815199	geckodriver	INFO	Listening on 127.0.0.1:58058
1524160816215	mozrunner::runner	INFO	Running command: "/Applications/Firefox.app/Contents/MacOS/firefox-bin" "-marionette" "-headless" "-profile" "/var/folders/d_/w55mt2zj19b5wh0z65gmhtc40000gn/T/rust_mozprofile.zWB0t3DXXxVz"
*** You are running in headless mode.
Unable to read VR Path Registry from /Users/ksereduck/Library/Application Support/OpenVR/.openvr/openvrpaths.vrpath
Unable to read VR Path Registry from /Users/ksereduck/Library/Application Support/OpenVR/.openvr/openvrpaths.vrpath
2018-04-19 12:00:17.254 plugin-container[2402:967162] *** CFMessagePort: bootstrap_register(): failed 1100 (0x44c) 'Permission denied', port = 0x8537, name = 'com.apple.tsm.portname'
See /usr/include/servers/bootstrap_defs.h for the error codes.
2018-04-19 12:00:17.332 plugin-container[2402:967162] *** CFMessagePort: bootstrap_register(): failed 1100 (0x44c) 'Permission denied', port = 0x8593, name = 'com.apple.coredrag'
See /usr/include/servers/bootstrap_defs.h for the error codes.
Unable to read VR Path Registry from /Users/ksereduck/Library/Application Support/OpenVR/.openvr/openvrpaths.vrpath
1524160817514	Marionette	INFO	Listening on port 58070
1524160817567	Marionette	WARN	TLS certificate errors will be ignored for this session
2018-04-19 12:00:17.609 plugin-container[2403:967246] *** CFMessagePort: bootstrap_register(): failed 1100 (0x44c) 'Permission denied', port = 0xaa33, name = 'com.apple.tsm.portname'
See /usr/include/servers/bootstrap_defs.h for the error codes.
2018-04-19 12:00:17.692 plugin-container[2403:967246] *** CFMessagePort: bootstrap_register(): failed 1100 (0x44c) 'Permission denied', port = 0xaa13, name = 'com.apple.coredrag'
See /usr/include/servers/bootstrap_defs.h for the error codes.
Unable to read VR Path Registry from /Users/ksereduck/Library/Application Support/OpenVR/.openvr/openvrpaths.vrpath
2018-04-19 12:00:18.195 plugin-container[2404:967322] *** CFMessagePort: bootstrap_register(): failed 1100 (0x44c) 'Permission denied', port = 0x7e43, name = 'com.apple.tsm.portname'
See /usr/include/servers/bootstrap_defs.h for the error codes.
2018-04-19 12:00:18.274 plugin-container[2404:967322] *** CFMessagePort: bootstrap_register(): failed 1100 (0x44c) 'Permission denied', port = 0x7edb, name = 'com.apple.coredrag'
See /usr/include/servers/bootstrap_defs.h for the error codes.
*** UTM:SVC TimerManager:registerTimer called after profile-before-change notification. Ignoring timer registration for id: telemetry_modules_ping
1524160882409	geckodriver	INFO	geckodriver 0.20.1
1524160882416	geckodriver	INFO	Listening on 127.0.0.1:58242
1524160883425	mozrunner::runner	INFO	Running command: "/Applications/Firefox.app/Contents/MacOS/firefox-bin" "-marionette" "-headless" "-profile" "/var/folders/d_/w55mt2zj19b5wh0z65gmhtc40000gn/T/rust_mozprofile.vaqf7rxjoR3M"
*** You are running in headless mode.
Unable to read VR Path Registry from /Users/ksereduck/Library/Application Support/OpenVR/.openvr/openvrpaths.vrpath
Unable to read VR Path Registry from /Users/ksereduck/Library/Application Support/OpenVR/.openvr/openvrpaths.vrpath
2018-04-19 12:01:24.553 plugin-container[2412:970568] *** CFMessagePort: bootstrap_register(): failed 1100 (0x44c) 'Permission denied', port = 0x8303, name = 'com.apple.tsm.portname'
See /usr/include/servers/bootstrap_defs.h for the error codes.
2018-04-19 12:01:24.636 plugin-container[2412:970568] *** CFMessagePort: bootstrap_register(): failed 1100 (0x44c) 'Permission denied', port = 0x806b, name = 'com.apple.coredrag'
See /usr/include/servers/bootstrap_defs.h for the error codes.
Unable to read VR Path Registry from /Users/ksereduck/Library/Application Support/OpenVR/.openvr/openvrpaths.vrpath
1524160884858	Marionette	INFO	Listening on port 58255
1524160884873	Marionette	WARN	TLS certificate errors will be ignored for this session
2018-04-19 12:01:24.954 plugin-container[2413:970687] *** CFMessagePort: bootstrap_register(): failed 1100 (0x44c) 'Permission denied', port = 0xaa3f, name = 'com.apple.tsm.portname'
See /usr/include/servers/bootstrap_defs.h for the error codes.
2018-04-19 12:01:25.039 plugin-container[2413:970687] *** CFMessagePort: bootstrap_register(): failed 1100 (0x44c) 'Permission denied', port = 0xaa5b, name = 'com.apple.coredrag'
See /usr/include/servers/bootstrap_defs.h for the error codes.
Unable to read VR Path Registry from /Users/ksereduck/Library/Application Support/OpenVR/.openvr/openvrpaths.vrpath
2018-04-19 12:01:25.505 plugin-container[2414:970819] *** CFMessagePort: bootstrap_register(): failed 1100 (0x44c) 'Permission denied', port = 0x830b, name = 'com.apple.tsm.portname'
See /usr/include/servers/bootstrap_defs.h for the error codes.
2018-04-19 12:01:25.588 plugin-container[2414:970819] *** CFMessagePort: bootstrap_register(): failed 1100 (0x44c) 'Permission denied', port = 0x8327, name = 'com.apple.coredrag'
See /usr/include/servers/bootstrap_defs.h for the error codes.
*** UTM:SVC TimerManager:registerTimer called after profile-before-change notification. Ignoring timer registration for id: telemetry_modules_ping
1524160887725	geckodriver	INFO	geckodriver 0.20.1
1524160887730	geckodriver	INFO	Listening on 127.0.0.1:58311
1524160888739	mozrunner::runner	INFO	Running command: "/Applications/Firefox.app/Contents/MacOS/firefox-bin" "-marionette" "-headless" "-profile" "/var/folders/d_/w55mt2zj19b5wh0z65gmhtc40000gn/T/rust_mozprofile.yLehuGyHH39I"
*** You are running in headless mode.
Unable to read VR Path Registry from /Users/ksereduck/Library/Application Support/OpenVR/.openvr/openvrpaths.vrpath
Unable to read VR Path Registry from /Users/ksereduck/Library/Application Support/OpenVR/.openvr/openvrpaths.vrpath
2018-04-19 12:01:29.857 plugin-container[2417:971242] *** CFMessagePort: bootstrap_register(): failed 1100 (0x44c) 'Permission denied', port = 0x7803, name = 'com.apple.tsm.portname'
See /usr/include/servers/bootstrap_defs.h for the error codes.
2018-04-19 12:01:29.935 plugin-container[2417:971242] *** CFMessagePort: bootstrap_register(): failed 1100 (0x44c) 'Permission denied', port = 0x789b, name = 'com.apple.coredrag'
See /usr/include/servers/bootstrap_defs.h for the error codes.
Unable to read VR Path Registry from /Users/ksereduck/Library/Application Support/OpenVR/.openvr/openvrpaths.vrpath
1524160890136	Marionette	INFO	Listening on port 58322
1524160890184	Marionette	WARN	TLS certificate errors will be ignored for this session
2018-04-19 12:01:30.225 plugin-container[2418:971344] *** CFMessagePort: bootstrap_register(): failed 1100 (0x44c) 'Permission denied', port = 0xaa3f, name = 'com.apple.tsm.portname'
See /usr/include/servers/bootstrap_defs.h for the error codes.
2018-04-19 12:01:30.309 plugin-container[2418:971344] *** CFMessagePort: bootstrap_register(): failed 1100 (0x44c) 'Permission denied', port = 0xaa5b, name = 'com.apple.coredrag'
See /usr/include/servers/bootstrap_defs.h for the error codes.
Unable to read VR Path Registry from /Users/ksereduck/Library/Application Support/OpenVR/.openvr/openvrpaths.vrpath
2018-04-19 12:01:30.795 plugin-container[2419:971462] *** CFMessagePort: bootstrap_register(): failed 1100 (0x44c) 'Permission denied', port = 0x8843, name = 'com.apple.tsm.portname'
See /usr/include/servers/bootstrap_defs.h for the error codes.
2018-04-19 12:01:30.873 plugin-container[2419:971462] *** CFMessagePort: bootstrap_register(): failed 1100 (0x44c) 'Permission denied', port = 0x881f, name = 'com.apple.coredrag'
See /usr/include/servers/bootstrap_defs.h for the error codes.
*** UTM:SVC TimerManager:registerTimer called after profile-before-change notification. Ignoring timer registration for id: telemetry_modules_ping
1524160893668	geckodriver	INFO	geckodriver 0.20.1
1524160893673	geckodriver	INFO	Listening on 127.0.0.1:58377
1524160894680	mozrunner::runner	INFO	Running command: "/Applications/Firefox.app/Contents/MacOS/firefox-bin" "-marionette" "-headless" "-profile" "/var/folders/d_/w55mt2zj19b5wh0z65gmhtc40000gn/T/rust_mozprofile.qCDMDwNQKnW9"
*** You are running in headless mode.
Unable to read VR Path Registry from /Users/ksereduck/Library/Application Support/OpenVR/.openvr/openvrpaths.vrpath
Unable to read VR Path Registry from /Users/ksereduck/Library/Application Support/OpenVR/.openvr/openvrpaths.vrpath
2018-04-19 12:01:35.873 plugin-container[2422:972002] *** CFMessagePort: bootstrap_register(): failed 1100 (0x44c) 'Permission denied', port = 0x8103, name = 'com.apple.tsm.portname'
See /usr/include/servers/bootstrap_defs.h for the error codes.
2018-04-19 12:01:35.956 plugin-container[2422:972002] *** CFMessagePort: bootstrap_register(): failed 1100 (0x44c) 'Permission denied', port = 0x811f, name = 'com.apple.coredrag'
See /usr/include/servers/bootstrap_defs.h for the error codes.
Unable to read VR Path Registry from /Users/ksereduck/Library/Application Support/OpenVR/.openvr/openvrpaths.vrpath
1524160896125	Marionette	INFO	Listening on port 58388
1524160896224	Marionette	WARN	TLS certificate errors will be ignored for this session
2018-04-19 12:01:36.247 plugin-container[2423:972116] *** CFMessagePort: bootstrap_register(): failed 1100 (0x44c) 'Permission denied', port = 0xab3f, name = 'com.apple.tsm.portname'
See /usr/include/servers/bootstrap_defs.h for the error codes.
2018-04-19 12:01:36.334 plugin-container[2423:972116] *** CFMessagePort: bootstrap_register(): failed 1100 (0x44c) 'Permission denied', port = 0xab1f, name = 'com.apple.coredrag'
See /usr/include/servers/bootstrap_defs.h for the error codes.
Unable to read VR Path Registry from /Users/ksereduck/Library/Application Support/OpenVR/.openvr/openvrpaths.vrpath
2018-04-19 12:01:36.804 plugin-container[2424:972250] *** CFMessagePort: bootstrap_register(): failed 1100 (0x44c) 'Permission denied', port = 0x7d07, name = 'com.apple.tsm.portname'
See /usr/include/servers/bootstrap_defs.h for the error codes.
2018-04-19 12:01:36.881 plugin-container[2424:972250] *** CFMessagePort: bootstrap_register(): failed 1100 (0x44c) 'Permission denied', port = 0x7d9f, name = 'com.apple.coredrag'
See /usr/include/servers/bootstrap_defs.h for the error codes.
*** UTM:SVC TimerManager:registerTimer called after profile-before-change notification. Ignoring timer registration for id: telemetry_modules_ping
